<?xml version="1.0" encoding="UTF-8"?>
<coverage generated="1511455374033" clover="3.2.0">
  <project timestamp="1511455374033" name="All files">
    <metrics statements="36" coveredstatements="35" conditionals="14" coveredconditionals="12" methods="5" coveredmethods="5" elements="55" coveredelements="52" complexity="0" loc="36" ncloc="36" packages="1" files="1" classes="1">
      <file name="router.js" path="C:\Users\True\data-transform\router.js">
        <metrics statements="36" coveredstatements="35" conditionals="14" coveredconditionals="12" methods="5" coveredmethods="5"/>
        <line num="1" count="1" type="stmt"/>
        <line num="2" count="1" type="stmt"/>
        <line num="3" count="1" type="stmt"/>
        <line num="4" count="1" type="stmt"/>
        <line num="5" count="10" type="cond" truecount="2" falsecount="0"/>
        <line num="6" count="8" type="cond" truecount="1" falsecount="1"/>
        <line num="7" count="0" type="stmt"/>
        <line num="9" count="1" type="stmt"/>
        <line num="10" count="5" type="stmt"/>
        <line num="11" count="5" type="cond" truecount="3" falsecount="0"/>
        <line num="13" count="2" type="stmt"/>
        <line num="14" count="2" type="stmt"/>
        <line num="15" count="2" type="stmt"/>
        <line num="16" count="2" type="stmt"/>
        <line num="18" count="2" type="stmt"/>
        <line num="19" count="2" type="stmt"/>
        <line num="20" count="1" type="stmt"/>
        <line num="22" count="5" type="stmt"/>
        <line num="25" count="1" type="stmt"/>
        <line num="26" count="1" type="stmt"/>
        <line num="27" count="1" type="cond" truecount="1" falsecount="1"/>
        <line num="28" count="1" type="stmt"/>
        <line num="29" count="1" type="stmt"/>
        <line num="31" count="1" type="stmt"/>
        <line num="32" count="5" type="stmt"/>
        <line num="33" count="5" type="cond" truecount="2" falsecount="0"/>
        <line num="35" count="4" type="cond" truecount="3" falsecount="0"/>
        <line num="37" count="2" type="stmt"/>
        <line num="38" count="2" type="stmt"/>
        <line num="40" count="1" type="stmt"/>
        <line num="41" count="1" type="stmt"/>
        <line num="42" count="1" type="stmt"/>
        <line num="44" count="4" type="stmt"/>
        <line num="46" count="1" type="stmt"/>
        <line num="48" count="5" type="stmt"/>
        <line num="51" count="1" type="stmt"/>
      </file>
    </metrics>
  </project>
</coverage>
