{"/Users/AoNlMoO/Workspaces/True/data-transform/request-handler.js": {"path":"/Users/AoNlMoO/Workspaces/True/data-transform/request-handler.js","statementMap":{"0":{"start":{"line":1,"column":12},"end":{"line":1,"column":26}},"1":{"start":{"line":2,"column":11},"end":{"line":2,"column":24}},"2":{"start":{"line":3,"column":13},"end":{"line":3,"column":42}},"3":{"start":{"line":5,"column":15},"end":{"line":28,"column":1}},"4":{"start":{"line":6,"column":22},"end":{"line":6,"column":46}},"5":{"start":{"line":7,"column":24},"end":{"line":7,"column":61}},"6":{"start":{"line":9,"column":17},"end":{"line":9,"column":19}},"7":{"start":{"line":11,"column":4},"end":{"line":24,"column":5}},"8":{"start":{"line":13,"column":12},"end":{"line":13,"column":66}},"9":{"start":{"line":14,"column":12},"end":{"line":14,"column":18}},"10":{"start":{"line":17,"column":12},"end":{"line":17,"column":68}},"11":{"start":{"line":18,"column":12},"end":{"line":18,"column":18}},"12":{"start":{"line":21,"column":12},"end":{"line":21,"column":38}},"13":{"start":{"line":22,"column":12},"end":{"line":22,"column":18}},"14":{"start":{"line":26,"column":4},"end":{"line":26,"column":22}},"15":{"start":{"line":27,"column":4},"end":{"line":27,"column":14}},"16":{"start":{"line":30,"column":32},"end":{"line":38,"column":1}},"17":{"start":{"line":31,"column":22},"end":{"line":31,"column":36}},"18":{"start":{"line":33,"column":4},"end":{"line":35,"column":5}},"19":{"start":{"line":34,"column":8},"end":{"line":34,"column":68}},"20":{"start":{"line":34,"column":43},"end":{"line":34,"column":66}},"21":{"start":{"line":37,"column":4},"end":{"line":37,"column":31}},"22":{"start":{"line":40,"column":34},"end":{"line":48,"column":1}},"23":{"start":{"line":41,"column":21},"end":{"line":41,"column":107}},"24":{"start":{"line":41,"column":44},"end":{"line":41,"column":106}},"25":{"start":{"line":43,"column":4},"end":{"line":45,"column":5}},"26":{"start":{"line":44,"column":8},"end":{"line":44,"column":77}},"27":{"start":{"line":47,"column":4},"end":{"line":47,"column":29}},"28":{"start":{"line":50,"column":0},"end":{"line":50,"column":24}}},"fnMap":{"0":{"name":"(anonymous_0)","decl":{"start":{"line":5,"column":15},"end":{"line":5,"column":16}},"loc":{"start":{"line":5,"column":29},"end":{"line":28,"column":1}},"line":5},"1":{"name":"(anonymous_1)","decl":{"start":{"line":30,"column":32},"end":{"line":30,"column":33}},"loc":{"start":{"line":30,"column":57},"end":{"line":38,"column":1}},"line":30},"2":{"name":"(anonymous_2)","decl":{"start":{"line":34,"column":25},"end":{"line":34,"column":26}},"loc":{"start":{"line":34,"column":43},"end":{"line":34,"column":66}},"line":34},"3":{"name":"(anonymous_3)","decl":{"start":{"line":40,"column":34},"end":{"line":40,"column":35}},"loc":{"start":{"line":40,"column":59},"end":{"line":48,"column":1}},"line":40},"4":{"name":"(anonymous_4)","decl":{"start":{"line":41,"column":36},"end":{"line":41,"column":37}},"loc":{"start":{"line":41,"column":44},"end":{"line":41,"column":106}},"line":41}},"branchMap":{"0":{"loc":{"start":{"line":11,"column":4},"end":{"line":24,"column":5}},"type":"switch","locations":[{"start":{"line":12,"column":8},"end":{"line":15,"column":9}},{"start":{"line":16,"column":8},"end":{"line":19,"column":9}},{"start":{"line":20,"column":8},"end":{"line":23,"column":9}}],"line":11},"1":{"loc":{"start":{"line":33,"column":4},"end":{"line":35,"column":5}},"type":"if","locations":[{"start":{"line":33,"column":4},"end":{"line":35,"column":5}},{"start":{"line":33,"column":4},"end":{"line":35,"column":5}}],"line":33},"2":{"loc":{"start":{"line":43,"column":4},"end":{"line":45,"column":5}},"type":"if","locations":[{"start":{"line":43,"column":4},"end":{"line":45,"column":5}},{"start":{"line":43,"column":4},"end":{"line":45,"column":5}}],"line":43}},"s":{"0":1,"1":1,"2":1,"3":1,"4":9,"5":9,"6":9,"7":9,"8":3,"9":3,"10":3,"11":3,"12":3,"13":3,"14":9,"15":9,"16":1,"17":3,"18":3,"19":1,"20":5,"21":3,"22":1,"23":3,"24":6,"25":3,"26":2,"27":1,"28":1},"f":{"0":9,"1":3,"2":5,"3":3,"4":6},"b":{"0":[3,3,3],"1":[1,2],"2":[2,1]},"_coverageSchema":"332fd63041d2c1bcb487cc26dd0d5f7d97098a6c","hash":"c54ed5902dd60930e9fdc53caf20c7349a5b3c39"}
}
