{"C:\\Users\\True\\data-transform\\router.js": {"path":"C:\\Users\\True\\data-transform\\router.js","statementMap":{"0":{"start":{"line":1,"column":13},"end":{"line":1,"column":42}},"1":{"start":{"line":2,"column":12},"end":{"line":2,"column":26}},"2":{"start":{"line":3,"column":11},"end":{"line":3,"column":24}},"3":{"start":{"line":4,"column":20},"end":{"line":8,"column":1}},"4":{"start":{"line":5,"column":2},"end":{"line":5,"column":31}},"5":{"start":{"line":5,"column":21},"end":{"line":5,"column":31}},"6":{"start":{"line":6,"column":2},"end":{"line":6,"column":30}},"7":{"start":{"line":6,"column":21},"end":{"line":6,"column":30}},"8":{"start":{"line":9,"column":21},"end":{"line":23,"column":1}},"9":{"start":{"line":10,"column":19},"end":{"line":10,"column":28}},"10":{"start":{"line":11,"column":2},"end":{"line":21,"column":3}},"11":{"start":{"line":13,"column":6},"end":{"line":13,"column":37}},"12":{"start":{"line":14,"column":6},"end":{"line":14,"column":50}},"13":{"start":{"line":15,"column":6},"end":{"line":15,"column":36}},"14":{"start":{"line":16,"column":6},"end":{"line":16,"column":12}},"15":{"start":{"line":18,"column":6},"end":{"line":18,"column":33}},"16":{"start":{"line":19,"column":6},"end":{"line":19,"column":12}},"17":{"start":{"line":20,"column":14},"end":{"line":20,"column":41}},"18":{"start":{"line":22,"column":2},"end":{"line":22,"column":18}},"19":{"start":{"line":25,"column":19},"end":{"line":30,"column":1}},"20":{"start":{"line":26,"column":20},"end":{"line":26,"column":29}},"21":{"start":{"line":27,"column":21},"end":{"line":27,"column":71}},"22":{"start":{"line":27,"column":42},"end":{"line":27,"column":70}},"23":{"start":{"line":28,"column":19},"end":{"line":28,"column":38}},"24":{"start":{"line":29,"column":2},"end":{"line":29,"column":63}},"25":{"start":{"line":31,"column":15},"end":{"line":49,"column":1}},"26":{"start":{"line":32,"column":17},"end":{"line":32,"column":41}},"27":{"start":{"line":33,"column":2},"end":{"line":47,"column":3}},"28":{"start":{"line":35,"column":6},"end":{"line":43,"column":7}},"29":{"start":{"line":37,"column":10},"end":{"line":37,"column":53}},"30":{"start":{"line":38,"column":10},"end":{"line":38,"column":16}},"31":{"start":{"line":40,"column":10},"end":{"line":40,"column":51}},"32":{"start":{"line":41,"column":10},"end":{"line":41,"column":16}},"33":{"start":{"line":42,"column":17},"end":{"line":42,"column":53}},"34":{"start":{"line":44,"column":6},"end":{"line":44,"column":12}},"35":{"start":{"line":46,"column":14},"end":{"line":46,"column":40}},"36":{"start":{"line":48,"column":2},"end":{"line":48,"column":12}},"37":{"start":{"line":51,"column":0},"end":{"line":55,"column":2}}},"fnMap":{"0":{"name":"(anonymous_0)","decl":{"start":{"line":4,"column":20},"end":{"line":4,"column":21}},"loc":{"start":{"line":4,"column":30},"end":{"line":8,"column":1}},"line":4},"1":{"name":"(anonymous_1)","decl":{"start":{"line":9,"column":21},"end":{"line":9,"column":22}},"loc":{"start":{"line":9,"column":35},"end":{"line":23,"column":1}},"line":9},"2":{"name":"(anonymous_2)","decl":{"start":{"line":25,"column":19},"end":{"line":25,"column":20}},"loc":{"start":{"line":25,"column":33},"end":{"line":30,"column":1}},"line":25},"3":{"name":"(anonymous_3)","decl":{"start":{"line":27,"column":36},"end":{"line":27,"column":37}},"loc":{"start":{"line":27,"column":42},"end":{"line":27,"column":70}},"line":27},"4":{"name":"(anonymous_4)","decl":{"start":{"line":31,"column":15},"end":{"line":31,"column":16}},"loc":{"start":{"line":31,"column":29},"end":{"line":49,"column":1}},"line":31}},"branchMap":{"0":{"loc":{"start":{"line":5,"column":2},"end":{"line":5,"column":31}},"type":"if","locations":[{"start":{"line":5,"column":2},"end":{"line":5,"column":31}},{"start":{"line":5,"column":2},"end":{"line":5,"column":31}}],"line":5},"1":{"loc":{"start":{"line":6,"column":2},"end":{"line":6,"column":30}},"type":"if","locations":[{"start":{"line":6,"column":2},"end":{"line":6,"column":30}},{"start":{"line":6,"column":2},"end":{"line":6,"column":30}}],"line":6},"2":{"loc":{"start":{"line":11,"column":2},"end":{"line":21,"column":3}},"type":"switch","locations":[{"start":{"line":12,"column":4},"end":{"line":16,"column":12}},{"start":{"line":17,"column":4},"end":{"line":19,"column":12}},{"start":{"line":20,"column":4},"end":{"line":20,"column":41}}],"line":11},"3":{"loc":{"start":{"line":27,"column":42},"end":{"line":27,"column":70}},"type":"cond-expr","locations":[{"start":{"line":27,"column":64},"end":{"line":27,"column":65}},{"start":{"line":27,"column":68},"end":{"line":27,"column":70}}],"line":27},"4":{"loc":{"start":{"line":33,"column":2},"end":{"line":47,"column":3}},"type":"switch","locations":[{"start":{"line":34,"column":4},"end":{"line":45,"column":5}},{"start":{"line":46,"column":4},"end":{"line":46,"column":40}}],"line":33},"5":{"loc":{"start":{"line":35,"column":6},"end":{"line":43,"column":7}},"type":"switch","locations":[{"start":{"line":36,"column":8},"end":{"line":38,"column":16}},{"start":{"line":39,"column":8},"end":{"line":41,"column":16}},{"start":{"line":42,"column":8},"end":{"line":42,"column":53}}],"line":35}},"s":{"0":1,"1":1,"2":1,"3":1,"4":10,"5":2,"6":8,"7":8,"8":1,"9":5,"10":5,"11":2,"12":2,"13":2,"14":2,"15":2,"16":2,"17":1,"18":5,"19":1,"20":2,"21":2,"22":5,"23":2,"24":1,"25":1,"26":4,"27":4,"28":3,"29":2,"30":2,"31":1,"32":1,"33":0,"34":3,"35":1,"36":4,"37":1},"f":{"0":10,"1":5,"2":2,"3":5,"4":4},"b":{"0":[2,8],"1":[8,0],"2":[2,2,1],"3":[1,4],"4":[3,1],"5":[2,1,0]},"_coverageSchema":"332fd63041d2c1bcb487cc26dd0d5f7d97098a6c","hash":"6ca955055e0ed62a8da74f14c4fcf24c8d2c95d0"}
}
