TN:
SF:/Users/chaowalit.kon/Documents/learning/data-transform/index.js
FN:30,(anonymous_0)
FN:39,(anonymous_1)
FN:51,(anonymous_2)
FNF:3
FNH:3
FNDA:7,(anonymous_0)
FNDA:5,(anonymous_1)
FNDA:4,(anonymous_2)
DA:26,1
DA:27,1
DA:28,1
DA:30,1
DA:31,7
DA:32,7
DA:33,6
DA:37,3
DA:38,1
DA:39,5
DA:41,1
DA:42,2
DA:43,1
DA:45,1
DA:48,3
DA:49,2
DA:50,1
DA:51,1
DA:52,4
DA:54,1
DA:56,1
DA:58,1
DA:60,1
DA:63,1
DA:66,1
DA:69,7
DA:72,1
LF:27
LH:27
BRDA:32,0,0,6
BRDA:32,0,1,1
BRDA:33,1,0,3
BRDA:33,1,1,3
BRDA:37,2,0,1
BRDA:37,2,1,2
BRDA:42,3,0,1
BRDA:42,3,1,1
BRDA:48,4,0,2
BRDA:48,4,1,1
BRDA:49,5,0,1
BRDA:49,5,1,1
BRF:12
BRH:12
end_of_record
TN:
SF:/Users/chaowalit.kon/Documents/learning/data-transform/server.js
FNF:0
FNH:0
DA:1,0
DA:2,0
DA:4,0
LF:3
LH:0
BRF:0
BRH:0
end_of_record
