TN:
SF:C:\Users\True\data-transform\router.js
FN:4,(anonymous_0)
FN:9,(anonymous_1)
FN:25,(anonymous_2)
FN:27,(anonymous_3)
FN:31,(anonymous_4)
FNF:5
FNH:5
FNDA:10,(anonymous_0)
FNDA:5,(anonymous_1)
FNDA:2,(anonymous_2)
FNDA:5,(anonymous_3)
FNDA:4,(anonymous_4)
DA:1,1
DA:2,1
DA:3,1
DA:4,1
DA:5,10
DA:6,8
DA:9,1
DA:10,5
DA:11,5
DA:13,2
DA:14,2
DA:15,2
DA:16,2
DA:18,2
DA:19,2
DA:20,1
DA:22,5
DA:25,1
DA:26,2
DA:27,5
DA:28,2
DA:29,1
DA:31,1
DA:32,4
DA:33,4
DA:35,3
DA:37,2
DA:38,2
DA:40,1
DA:41,1
DA:42,0
DA:44,3
DA:46,1
DA:48,4
DA:51,1
LF:35
LH:34
BRDA:5,0,0,2
BRDA:5,0,1,8
BRDA:6,1,0,8
BRDA:6,1,1,0
BRDA:11,2,0,2
BRDA:11,2,1,2
BRDA:11,2,2,1
BRDA:27,3,0,1
BRDA:27,3,1,4
BRDA:33,4,0,3
BRDA:33,4,1,1
BRDA:35,5,0,2
BRDA:35,5,1,1
BRDA:35,5,2,0
BRF:14
BRH:12
end_of_record
